{"name":"trace","hostname":"lena-vo","pid":17236,"level":30,"msg":"Got a request from 127.0.0.1 for /v1","time":"2021-04-05T02:58:56.840Z","v":0}
{"name":"trace","hostname":"lena-vo","pid":17236,"level":30,"msg":"Got a request from 127.0.0.1 for /v1","time":"2021-04-05T03:02:06.401Z","v":0}
{"name":"trace","hostname":"lena-vo","pid":17236,"level":30,"msg":"Got a request from 127.0.0.1 for /v1/ver","time":"2021-04-05T03:02:16.407Z","v":0}
{"name":"trace","hostname":"lena-vo","pid":22828,"level":30,"msg":"Got a request from 127.0.0.1 for /v1/ver","time":"2021-04-05T03:33:54.217Z","v":0}
{"name":"trace","hostname":"lena-vo","pid":22828,"level":30,"msg":"Got a request from 127.0.0.1 for /v1","time":"2021-04-05T03:33:59.961Z","v":0}
{"name":"trace","hostname":"lena-vo","pid":22828,"level":50,"msg":"Catch error (code: 500) \"Lesson.all is not a function\"","time":"2021-04-05T03:33:59.967Z","v":0}
{"name":"trace","hostname":"lena-vo","pid":18948,"level":30,"msg":"Got a request from 127.0.0.1 for /v1","time":"2021-04-05T15:14:17.354Z","v":0}
{"name":"trace","hostname":"lena-vo","pid":27236,"level":50,"msg":"Catch error (code: 500) \"Teacher is not defined\"","time":"2021-04-06T09:10:12.106Z","v":0}
{"name":"trace","hostname":"lena-vo","pid":22336,"level":50,"msg":"Catch error (code: 500) \"Cannot read property 'findAll' of undefined\"","time":"2021-04-06T09:10:36.854Z","v":0}
{"name":"trace","hostname":"lena-vo","pid":26616,"level":50,"msg":"Catch error (code: 500) \"Cannot read property 'findAll' of undefined\"","time":"2021-04-06T09:11:28.559Z","v":0}
{"name":"trace","hostname":"lena-vo","pid":25776,"level":50,"msg":"Catch error (code: 500) \"Include unexpected. Element has to be either a Model, an Association or an object.\"","time":"2021-04-06T09:20:02.134Z","v":0}
{"name":"trace","hostname":"lena-vo","pid":14444,"level":50,"msg":"Catch error (code: 500) \"i.values is not a function\"","time":"2021-04-06T10:28:48.403Z","v":0}
{"name":"trace","hostname":"lena-vo","pid":26888,"level":50,"msg":"Catch error (code: 500) \"Cannot read property 'map' of undefined\"","time":"2021-04-06T11:34:40.135Z","v":0}
{"name":"trace","hostname":"lena-vo","pid":16012,"level":50,"msg":"Catch error (code: 500) \"Include unexpected. Element has to be either a Model, an Association or an object.\"","time":"2021-04-06T11:37:48.538Z","v":0}
{"name":"trace","hostname":"lena-vo","pid":16012,"level":50,"msg":"Catch error (code: 500) \"Include unexpected. Element has to be either a Model, an Association or an object.\"","time":"2021-04-06T11:38:27.217Z","v":0}
{"name":"trace","hostname":"lena-vo","pid":16012,"level":50,"msg":"Catch error (code: 500) \"Include unexpected. Element has to be either a Model, an Association or an object.\"","time":"2021-04-06T11:38:36.846Z","v":0}
{"name":"trace","hostname":"lena-vo","pid":23136,"level":50,"msg":"Catch error (code: 500) \"column reference \"id\" is ambiguous\"","time":"2021-04-06T11:40:35.467Z","v":0}
{"name":"trace","hostname":"lena-vo","pid":26164,"level":50,"msg":"Catch error (code: 500) \"query.date.test is not a function\"","time":"2021-04-06T12:12:18.407Z","v":0}
{"name":"trace","hostname":"lena-vo","pid":1936,"level":50,"msg":"Catch error (code: 500) \"String(...).test is not a function\"","time":"2021-04-06T12:14:03.350Z","v":0}
{"name":"trace","hostname":"lena-vo","pid":21904,"level":50,"msg":"Catch error (code: 500) \"operator does not exist: boolean = integer\"","time":"2021-04-06T12:35:27.433Z","v":0}
{"name":"trace","hostname":"lena-vo","pid":24500,"level":50,"msg":"Catch error (code: 500) \"column lesson.date does not exist\"","time":"2021-04-06T12:36:10.496Z","v":0}
{"name":"trace","hostname":"lena-vo","pid":17848,"level":50,"msg":"Catch error (code: 500) \"ModelB is not defined\"","time":"2021-04-06T12:56:29.511Z","v":0}
{"name":"trace","hostname":"lena-vo","pid":17848,"level":50,"msg":"Catch error (code: 500) \"ModelB is not defined\"","time":"2021-04-06T12:56:43.048Z","v":0}
{"name":"trace","hostname":"lena-vo","pid":14020,"level":50,"msg":"Catch error (code: 500) \"sequelize is not defined\"","time":"2021-04-06T12:57:13.312Z","v":0}
{"name":"trace","hostname":"lena-vo","pid":6672,"level":50,"msg":"Catch error (code: 500) \"missing FROM-clause entry for table \"lessons_students\"\"","time":"2021-04-06T12:57:47.856Z","v":0}
{"name":"trace","hostname":"lena-vo","pid":9360,"level":50,"msg":"Catch error (code: 500) \"syntax error at or near \"SELECT\"\"","time":"2021-04-06T13:02:09.470Z","v":0}
{"name":"trace","hostname":"lena-vo","pid":26004,"level":50,"msg":"Catch error (code: 500) \"invalid reference to FROM-clause entry for table \"lessons_students\"\"","time":"2021-04-06T13:03:40.240Z","v":0}
{"name":"trace","hostname":"lena-vo","pid":26004,"level":50,"msg":"Catch error (code: 500) \"invalid reference to FROM-clause entry for table \"lessons_students\"\"","time":"2021-04-06T13:03:41.107Z","v":0}
{"name":"trace","hostname":"lena-vo","pid":27144,"level":50,"msg":"Catch error (code: 500) \"column lessons_students.lessonid does not exist\"","time":"2021-04-06T13:04:54.776Z","v":0}
{"name":"trace","hostname":"lena-vo","pid":19788,"level":50,"msg":"Catch error (code: 500) \"column lessons_students.lesson_id does not exist\"","time":"2021-04-06T13:05:19.424Z","v":0}
{"name":"trace","hostname":"lena-vo","pid":26300,"level":50,"msg":"Catch error (code: 500) \"column lessons_students.lessonid does not exist\"","time":"2021-04-06T13:05:47.727Z","v":0}
{"name":"trace","hostname":"lena-vo","pid":21720,"level":50,"msg":"Catch error (code: 500) \"column lessons_students.lessonid does not exist\"","time":"2021-04-06T13:08:56.989Z","v":0}
{"name":"trace","hostname":"lena-vo","pid":11112,"level":50,"msg":"Catch error (code: 500) \"Cannot read property 'model' of undefined\"","time":"2021-04-06T13:13:48.829Z","v":0}
{"name":"trace","hostname":"lena-vo","pid":5096,"level":50,"msg":"Catch error (code: 500) \"Cannot read property 'model' of undefined\"","time":"2021-04-06T13:15:41.399Z","v":0}
{"name":"trace","hostname":"lena-vo","pid":26056,"level":50,"msg":"Catch error (code: 500) \"attr.includes is not a function\"","time":"2021-04-06T13:20:09.586Z","v":0}
{"name":"trace","hostname":"lena-vo","pid":24352,"level":50,"msg":"Catch error (code: 500) \"Cannot read property 'model' of undefined\"","time":"2021-04-06T13:29:01.186Z","v":0}
{"name":"trace","hostname":"lena-vo","pid":24536,"level":50,"msg":"Catch error (code: 500) \"Cannot read property 'selectQuery' of undefined\"","time":"2021-04-06T13:43:59.264Z","v":0}
{"name":"trace","hostname":"lena-vo","pid":12048,"level":50,"msg":"Catch error (code: 500) \"Cannot read property 'selectQuery' of undefined\"","time":"2021-04-06T13:44:21.213Z","v":0}
{"name":"trace","hostname":"lena-vo","pid":27472,"level":50,"msg":"Catch error (code: 500) \"Cannot read property 'selectQuery' of undefined\"","time":"2021-04-06T13:47:59.327Z","v":0}
{"name":"trace","hostname":"lena-vo","pid":21904,"level":50,"msg":"Catch error (code: 500) \"db is not defined\"","time":"2021-04-06T14:03:47.614Z","v":0}
{"name":"trace","hostname":"lena-vo","pid":16672,"level":50,"msg":"Catch error (code: 500) \"Invalid value { '$eq': 1 }\"","time":"2021-04-06T14:04:15.263Z","v":0}
{"name":"trace","hostname":"lena-vo","pid":14020,"level":50,"msg":"Catch error (code: 500) \"subquery uses ungrouped column \"lesson.id\" from outer query\"","time":"2021-04-06T14:06:15.248Z","v":0}
{"name":"trace","hostname":"lena-vo","pid":16640,"level":50,"msg":"Catch error (code: 500) \"subquery uses ungrouped column \"lesson.id\" from outer query\"","time":"2021-04-06T14:06:50.958Z","v":0}
{"name":"trace","hostname":"lena-vo","pid":24164,"level":50,"msg":"Catch error (code: 500) \"operator does not exist: bigint = text[]\"","time":"2021-04-06T14:28:06.733Z","v":0}
{"name":"trace","hostname":"lena-vo","pid":24164,"level":50,"msg":"Catch error (code: 500) \"operator does not exist: bigint = text[]\"","time":"2021-04-06T14:28:48.185Z","v":0}
{"name":"trace","hostname":"lena-vo","pid":26992,"level":50,"msg":"Catch error (code: 500) \"Invalid value { '$in': [ '3' ] }\"","time":"2021-04-06T14:29:06.294Z","v":0}
{"name":"trace","hostname":"lena-vo","pid":24832,"level":50,"msg":"Catch error (code: 500) \"Cannot convert a Symbol value to a string\"","time":"2021-04-06T14:35:34.671Z","v":0}
{"name":"trace","hostname":"lena-vo","pid":26316,"level":50,"msg":"Catch error (code: 500) \"syntax error at or near \"ARRAY\"\"","time":"2021-04-06T14:36:48.488Z","v":0}
